d:\users\ofek\desktop\new2\syscallhook\syscallhook\x64\debug\vc142.pdb
d:\users\ofek\desktop\new2\syscallhook\syscallhook\x64\debug\syscall hook.obj
d:\users\ofek\desktop\new2\syscallhook\syscallhook\x64\debug\signature scan.obj
d:\users\ofek\desktop\new2\syscallhook\syscallhook\x64\debug\native.obj
d:\users\ofek\desktop\new2\syscallhook\syscallhook\x64\debug\image.obj
d:\users\ofek\desktop\new2\syscallhook\syscallhook\x64\debug\main.obj
d:\users\ofek\desktop\new2\syscallhook\x64\debug\syscallhook.sys
d:\users\ofek\desktop\new2\syscallhook\x64\debug\syscallhook.pdb
d:\users\ofek\desktop\new2\syscallhook\syscallhook\x64\debug\hook.obj
d:\users\ofek\desktop\new2\syscallhook\x64\debug\syscallhook.cer
d:\users\ofek\desktop\new2\syscallhook\syscallhook\x64\debug\syscallhook.tlog\cl.command.1.tlog
d:\users\ofek\desktop\new2\syscallhook\syscallhook\x64\debug\syscallhook.tlog\cl.read.1.tlog
d:\users\ofek\desktop\new2\syscallhook\syscallhook\x64\debug\syscallhook.tlog\cl.write.1.tlog
d:\users\ofek\desktop\new2\syscallhook\syscallhook\x64\debug\syscallhook.tlog\link.command.1.tlog
d:\users\ofek\desktop\new2\syscallhook\syscallhook\x64\debug\syscallhook.tlog\link.delete.1.tlog
d:\users\ofek\desktop\new2\syscallhook\syscallhook\x64\debug\syscallhook.tlog\link.read.1.tlog
d:\users\ofek\desktop\new2\syscallhook\syscallhook\x64\debug\syscallhook.tlog\link.write.1.tlog
d:\users\ofek\desktop\new2\syscallhook\syscallhook\x64\debug\syscallhook.tlog\masm.read.1u.tlog
d:\users\ofek\desktop\new2\syscallhook\syscallhook\x64\debug\syscallhook.tlog\masm.write.1u.tlog
d:\users\ofek\desktop\new2\syscallhook\syscallhook\x64\debug\syscallhook.tlog\signtool.command.1.tlog
d:\users\ofek\desktop\new2\syscallhook\syscallhook\x64\debug\syscallhook.tlog\signtool.read.1.tlog
d:\users\ofek\desktop\new2\syscallhook\syscallhook\x64\debug\syscallhook.tlog\signtool.timestamp.1.tlog
d:\users\ofek\desktop\new2\syscallhook\syscallhook\x64\debug\syscallhook.tlog\signtool.write.1.tlog
